ARM GAS  C:\Users\admin\AppData\Local\Temp\ccOBam9H.s 			page 1


   1              		.cpu cortex-m4
   2              		.eabi_attribute 27, 1
   3              		.eabi_attribute 28, 1
   4              		.eabi_attribute 20, 1
   5              		.eabi_attribute 21, 1
   6              		.eabi_attribute 23, 3
   7              		.eabi_attribute 24, 1
   8              		.eabi_attribute 25, 1
   9              		.eabi_attribute 26, 1
  10              		.eabi_attribute 30, 1
  11              		.eabi_attribute 34, 1
  12              		.eabi_attribute 18, 4
  13              		.file	"stm32f4xx_hal_msp.c"
  14              		.text
  15              	.Ltext0:
  16              		.cfi_sections	.debug_frame
  17              		.section	.text.HAL_MspInit,"ax",%progbits
  18              		.align	1
  19              		.global	HAL_MspInit
  20              		.arch armv7e-m
  21              		.syntax unified
  22              		.thumb
  23              		.thumb_func
  24              		.fpu fpv4-sp-d16
  26              	HAL_MspInit:
  27              	.LFB130:
  28              		.file 1 "Src/stm32f4xx_hal_msp.c"
   1:Src/stm32f4xx_hal_msp.c **** /* USER CODE BEGIN Header */
   2:Src/stm32f4xx_hal_msp.c **** /**
   3:Src/stm32f4xx_hal_msp.c ****   ******************************************************************************
   4:Src/stm32f4xx_hal_msp.c ****   * File Name          : stm32f4xx_hal_msp.c
   5:Src/stm32f4xx_hal_msp.c ****   * Description        : This file provides code for the MSP Initialization 
   6:Src/stm32f4xx_hal_msp.c ****   *                      and de-Initialization codes.
   7:Src/stm32f4xx_hal_msp.c ****   ******************************************************************************
   8:Src/stm32f4xx_hal_msp.c ****   * @attention
   9:Src/stm32f4xx_hal_msp.c ****   *
  10:Src/stm32f4xx_hal_msp.c ****   * <h2><center>&copy; Copyright (c) 2020 STMicroelectronics.
  11:Src/stm32f4xx_hal_msp.c ****   * All rights reserved.</center></h2>
  12:Src/stm32f4xx_hal_msp.c ****   *
  13:Src/stm32f4xx_hal_msp.c ****   * This software component is licensed by ST under BSD 3-Clause license,
  14:Src/stm32f4xx_hal_msp.c ****   * the "License"; You may not use this file except in compliance with the
  15:Src/stm32f4xx_hal_msp.c ****   * License. You may obtain a copy of the License at:
  16:Src/stm32f4xx_hal_msp.c ****   *                        opensource.org/licenses/BSD-3-Clause
  17:Src/stm32f4xx_hal_msp.c ****   *
  18:Src/stm32f4xx_hal_msp.c ****   ******************************************************************************
  19:Src/stm32f4xx_hal_msp.c ****   */
  20:Src/stm32f4xx_hal_msp.c **** /* USER CODE END Header */
  21:Src/stm32f4xx_hal_msp.c **** 
  22:Src/stm32f4xx_hal_msp.c **** /* Includes ------------------------------------------------------------------*/
  23:Src/stm32f4xx_hal_msp.c **** #include "main.h"
  24:Src/stm32f4xx_hal_msp.c **** /* USER CODE BEGIN Includes */
  25:Src/stm32f4xx_hal_msp.c **** 
  26:Src/stm32f4xx_hal_msp.c **** /* USER CODE END Includes */
  27:Src/stm32f4xx_hal_msp.c **** 
  28:Src/stm32f4xx_hal_msp.c **** /* Private typedef -----------------------------------------------------------*/
  29:Src/stm32f4xx_hal_msp.c **** /* USER CODE BEGIN TD */
  30:Src/stm32f4xx_hal_msp.c **** 
ARM GAS  C:\Users\admin\AppData\Local\Temp\ccOBam9H.s 			page 2


  31:Src/stm32f4xx_hal_msp.c **** /* USER CODE END TD */
  32:Src/stm32f4xx_hal_msp.c **** 
  33:Src/stm32f4xx_hal_msp.c **** /* Private define ------------------------------------------------------------*/
  34:Src/stm32f4xx_hal_msp.c **** /* USER CODE BEGIN Define */
  35:Src/stm32f4xx_hal_msp.c ****  
  36:Src/stm32f4xx_hal_msp.c **** /* USER CODE END Define */
  37:Src/stm32f4xx_hal_msp.c **** 
  38:Src/stm32f4xx_hal_msp.c **** /* Private macro -------------------------------------------------------------*/
  39:Src/stm32f4xx_hal_msp.c **** /* USER CODE BEGIN Macro */
  40:Src/stm32f4xx_hal_msp.c **** 
  41:Src/stm32f4xx_hal_msp.c **** /* USER CODE END Macro */
  42:Src/stm32f4xx_hal_msp.c **** 
  43:Src/stm32f4xx_hal_msp.c **** /* Private variables ---------------------------------------------------------*/
  44:Src/stm32f4xx_hal_msp.c **** /* USER CODE BEGIN PV */
  45:Src/stm32f4xx_hal_msp.c **** 
  46:Src/stm32f4xx_hal_msp.c **** /* USER CODE END PV */
  47:Src/stm32f4xx_hal_msp.c **** 
  48:Src/stm32f4xx_hal_msp.c **** /* Private function prototypes -----------------------------------------------*/
  49:Src/stm32f4xx_hal_msp.c **** /* USER CODE BEGIN PFP */
  50:Src/stm32f4xx_hal_msp.c **** 
  51:Src/stm32f4xx_hal_msp.c **** /* USER CODE END PFP */
  52:Src/stm32f4xx_hal_msp.c **** 
  53:Src/stm32f4xx_hal_msp.c **** /* External functions --------------------------------------------------------*/
  54:Src/stm32f4xx_hal_msp.c **** /* USER CODE BEGIN ExternalFunctions */
  55:Src/stm32f4xx_hal_msp.c **** 
  56:Src/stm32f4xx_hal_msp.c **** /* USER CODE END ExternalFunctions */
  57:Src/stm32f4xx_hal_msp.c **** 
  58:Src/stm32f4xx_hal_msp.c **** /* USER CODE BEGIN 0 */
  59:Src/stm32f4xx_hal_msp.c **** 
  60:Src/stm32f4xx_hal_msp.c **** /* USER CODE END 0 */
  61:Src/stm32f4xx_hal_msp.c **** /**
  62:Src/stm32f4xx_hal_msp.c ****   * Initializes the Global MSP.
  63:Src/stm32f4xx_hal_msp.c ****   */
  64:Src/stm32f4xx_hal_msp.c **** void HAL_MspInit(void)
  65:Src/stm32f4xx_hal_msp.c **** {
  29              		.loc 1 65 1 view -0
  30              		.cfi_startproc
  31              		@ args = 0, pretend = 0, frame = 8
  32              		@ frame_needed = 0, uses_anonymous_args = 0
  33              		@ link register save eliminated.
  34 0000 82B0     		sub	sp, sp, #8
  35              	.LCFI0:
  36              		.cfi_def_cfa_offset 8
  66:Src/stm32f4xx_hal_msp.c ****   /* USER CODE BEGIN MspInit 0 */
  67:Src/stm32f4xx_hal_msp.c **** 
  68:Src/stm32f4xx_hal_msp.c ****   /* USER CODE END MspInit 0 */
  69:Src/stm32f4xx_hal_msp.c **** 
  70:Src/stm32f4xx_hal_msp.c ****   __HAL_RCC_SYSCFG_CLK_ENABLE();
  37              		.loc 1 70 3 view .LVU1
  38              	.LBB2:
  39              		.loc 1 70 3 view .LVU2
  40 0002 0021     		movs	r1, #0
  41 0004 0091     		str	r1, [sp]
  42              		.loc 1 70 3 view .LVU3
  43 0006 0B4B     		ldr	r3, .L3
  44 0008 5A6C     		ldr	r2, [r3, #68]
  45 000a 42F48042 		orr	r2, r2, #16384
ARM GAS  C:\Users\admin\AppData\Local\Temp\ccOBam9H.s 			page 3


  46 000e 5A64     		str	r2, [r3, #68]
  47              		.loc 1 70 3 view .LVU4
  48 0010 5A6C     		ldr	r2, [r3, #68]
  49 0012 02F48042 		and	r2, r2, #16384
  50 0016 0092     		str	r2, [sp]
  51              		.loc 1 70 3 view .LVU5
  52 0018 009A     		ldr	r2, [sp]
  53              	.LBE2:
  54              		.loc 1 70 3 view .LVU6
  71:Src/stm32f4xx_hal_msp.c ****   __HAL_RCC_PWR_CLK_ENABLE();
  55              		.loc 1 71 3 view .LVU7
  56              	.LBB3:
  57              		.loc 1 71 3 view .LVU8
  58 001a 0191     		str	r1, [sp, #4]
  59              		.loc 1 71 3 view .LVU9
  60 001c 1A6C     		ldr	r2, [r3, #64]
  61 001e 42F08052 		orr	r2, r2, #268435456
  62 0022 1A64     		str	r2, [r3, #64]
  63              		.loc 1 71 3 view .LVU10
  64 0024 1B6C     		ldr	r3, [r3, #64]
  65 0026 03F08053 		and	r3, r3, #268435456
  66 002a 0193     		str	r3, [sp, #4]
  67              		.loc 1 71 3 view .LVU11
  68 002c 019B     		ldr	r3, [sp, #4]
  69              	.LBE3:
  70              		.loc 1 71 3 view .LVU12
  72:Src/stm32f4xx_hal_msp.c **** 
  73:Src/stm32f4xx_hal_msp.c ****   /* System interrupt init*/
  74:Src/stm32f4xx_hal_msp.c **** 
  75:Src/stm32f4xx_hal_msp.c ****   /* USER CODE BEGIN MspInit 1 */
  76:Src/stm32f4xx_hal_msp.c **** 
  77:Src/stm32f4xx_hal_msp.c ****   /* USER CODE END MspInit 1 */
  78:Src/stm32f4xx_hal_msp.c **** }
  71              		.loc 1 78 1 is_stmt 0 view .LVU13
  72 002e 02B0     		add	sp, sp, #8
  73              	.LCFI1:
  74              		.cfi_def_cfa_offset 0
  75              		@ sp needed
  76 0030 7047     		bx	lr
  77              	.L4:
  78 0032 00BF     		.align	2
  79              	.L3:
  80 0034 00380240 		.word	1073887232
  81              		.cfi_endproc
  82              	.LFE130:
  84              		.section	.text.HAL_UART_MspInit,"ax",%progbits
  85              		.align	1
  86              		.global	HAL_UART_MspInit
  87              		.syntax unified
  88              		.thumb
  89              		.thumb_func
  90              		.fpu fpv4-sp-d16
  92              	HAL_UART_MspInit:
  93              	.LVL0:
  94              	.LFB131:
  79:Src/stm32f4xx_hal_msp.c **** 
  80:Src/stm32f4xx_hal_msp.c **** /**
ARM GAS  C:\Users\admin\AppData\Local\Temp\ccOBam9H.s 			page 4


  81:Src/stm32f4xx_hal_msp.c **** * @brief UART MSP Initialization
  82:Src/stm32f4xx_hal_msp.c **** * This function configures the hardware resources used in this example
  83:Src/stm32f4xx_hal_msp.c **** * @param huart: UART handle pointer
  84:Src/stm32f4xx_hal_msp.c **** * @retval None
  85:Src/stm32f4xx_hal_msp.c **** */
  86:Src/stm32f4xx_hal_msp.c **** void HAL_UART_MspInit(UART_HandleTypeDef* huart)
  87:Src/stm32f4xx_hal_msp.c **** {
  95              		.loc 1 87 1 is_stmt 1 view -0
  96              		.cfi_startproc
  97              		@ args = 0, pretend = 0, frame = 32
  98              		@ frame_needed = 0, uses_anonymous_args = 0
  99              		.loc 1 87 1 is_stmt 0 view .LVU15
 100 0000 10B5     		push	{r4, lr}
 101              	.LCFI2:
 102              		.cfi_def_cfa_offset 8
 103              		.cfi_offset 4, -8
 104              		.cfi_offset 14, -4
 105 0002 88B0     		sub	sp, sp, #32
 106              	.LCFI3:
 107              		.cfi_def_cfa_offset 40
  88:Src/stm32f4xx_hal_msp.c ****   GPIO_InitTypeDef GPIO_InitStruct = {0};
 108              		.loc 1 88 3 is_stmt 1 view .LVU16
 109              		.loc 1 88 20 is_stmt 0 view .LVU17
 110 0004 0023     		movs	r3, #0
 111 0006 0393     		str	r3, [sp, #12]
 112 0008 0493     		str	r3, [sp, #16]
 113 000a 0593     		str	r3, [sp, #20]
 114 000c 0693     		str	r3, [sp, #24]
 115 000e 0793     		str	r3, [sp, #28]
  89:Src/stm32f4xx_hal_msp.c ****   if(huart->Instance==USART1)
 116              		.loc 1 89 3 is_stmt 1 view .LVU18
 117              		.loc 1 89 11 is_stmt 0 view .LVU19
 118 0010 0268     		ldr	r2, [r0]
 119              		.loc 1 89 5 view .LVU20
 120 0012 03F18043 		add	r3, r3, #1073741824
 121 0016 03F58833 		add	r3, r3, #69632
 122 001a 9A42     		cmp	r2, r3
 123 001c 01D0     		beq	.L8
 124              	.LVL1:
 125              	.L5:
  90:Src/stm32f4xx_hal_msp.c ****   {
  91:Src/stm32f4xx_hal_msp.c ****   /* USER CODE BEGIN USART1_MspInit 0 */
  92:Src/stm32f4xx_hal_msp.c **** 
  93:Src/stm32f4xx_hal_msp.c ****   /* USER CODE END USART1_MspInit 0 */
  94:Src/stm32f4xx_hal_msp.c ****     /* Peripheral clock enable */
  95:Src/stm32f4xx_hal_msp.c ****     __HAL_RCC_USART1_CLK_ENABLE();
  96:Src/stm32f4xx_hal_msp.c ****   
  97:Src/stm32f4xx_hal_msp.c ****     __HAL_RCC_GPIOA_CLK_ENABLE();
  98:Src/stm32f4xx_hal_msp.c ****     /**USART1 GPIO Configuration    
  99:Src/stm32f4xx_hal_msp.c ****     PA9     ------> USART1_TX
 100:Src/stm32f4xx_hal_msp.c ****     PA10     ------> USART1_RX 
 101:Src/stm32f4xx_hal_msp.c ****     */
 102:Src/stm32f4xx_hal_msp.c ****     GPIO_InitStruct.Pin = GPIO_PIN_9|GPIO_PIN_10;
 103:Src/stm32f4xx_hal_msp.c ****     GPIO_InitStruct.Mode = GPIO_MODE_AF_PP;
 104:Src/stm32f4xx_hal_msp.c ****     GPIO_InitStruct.Pull = GPIO_NOPULL;
 105:Src/stm32f4xx_hal_msp.c ****     GPIO_InitStruct.Speed = GPIO_SPEED_FREQ_VERY_HIGH;
 106:Src/stm32f4xx_hal_msp.c ****     GPIO_InitStruct.Alternate = GPIO_AF7_USART1;
ARM GAS  C:\Users\admin\AppData\Local\Temp\ccOBam9H.s 			page 5


 107:Src/stm32f4xx_hal_msp.c ****     HAL_GPIO_Init(GPIOA, &GPIO_InitStruct);
 108:Src/stm32f4xx_hal_msp.c **** 
 109:Src/stm32f4xx_hal_msp.c ****     /* USART1 interrupt Init */
 110:Src/stm32f4xx_hal_msp.c ****     HAL_NVIC_SetPriority(USART1_IRQn, 0, 0);
 111:Src/stm32f4xx_hal_msp.c ****     HAL_NVIC_EnableIRQ(USART1_IRQn);
 112:Src/stm32f4xx_hal_msp.c ****   /* USER CODE BEGIN USART1_MspInit 1 */
 113:Src/stm32f4xx_hal_msp.c **** 
 114:Src/stm32f4xx_hal_msp.c ****   /* USER CODE END USART1_MspInit 1 */
 115:Src/stm32f4xx_hal_msp.c ****   }
 116:Src/stm32f4xx_hal_msp.c **** 
 117:Src/stm32f4xx_hal_msp.c **** }
 126              		.loc 1 117 1 view .LVU21
 127 001e 08B0     		add	sp, sp, #32
 128              	.LCFI4:
 129              		.cfi_remember_state
 130              		.cfi_def_cfa_offset 8
 131              		@ sp needed
 132 0020 10BD     		pop	{r4, pc}
 133              	.LVL2:
 134              	.L8:
 135              	.LCFI5:
 136              		.cfi_restore_state
  95:Src/stm32f4xx_hal_msp.c ****   
 137              		.loc 1 95 5 is_stmt 1 view .LVU22
 138              	.LBB4:
  95:Src/stm32f4xx_hal_msp.c ****   
 139              		.loc 1 95 5 view .LVU23
 140 0022 0024     		movs	r4, #0
 141 0024 0194     		str	r4, [sp, #4]
  95:Src/stm32f4xx_hal_msp.c ****   
 142              		.loc 1 95 5 view .LVU24
 143 0026 03F59433 		add	r3, r3, #75776
 144 002a 5A6C     		ldr	r2, [r3, #68]
 145 002c 42F01002 		orr	r2, r2, #16
 146 0030 5A64     		str	r2, [r3, #68]
  95:Src/stm32f4xx_hal_msp.c ****   
 147              		.loc 1 95 5 view .LVU25
 148 0032 5A6C     		ldr	r2, [r3, #68]
 149 0034 02F01002 		and	r2, r2, #16
 150 0038 0192     		str	r2, [sp, #4]
  95:Src/stm32f4xx_hal_msp.c ****   
 151              		.loc 1 95 5 view .LVU26
 152 003a 019A     		ldr	r2, [sp, #4]
 153              	.LBE4:
  95:Src/stm32f4xx_hal_msp.c ****   
 154              		.loc 1 95 5 view .LVU27
  97:Src/stm32f4xx_hal_msp.c ****     /**USART1 GPIO Configuration    
 155              		.loc 1 97 5 view .LVU28
 156              	.LBB5:
  97:Src/stm32f4xx_hal_msp.c ****     /**USART1 GPIO Configuration    
 157              		.loc 1 97 5 view .LVU29
 158 003c 0294     		str	r4, [sp, #8]
  97:Src/stm32f4xx_hal_msp.c ****     /**USART1 GPIO Configuration    
 159              		.loc 1 97 5 view .LVU30
 160 003e 1A6B     		ldr	r2, [r3, #48]
 161 0040 42F00102 		orr	r2, r2, #1
 162 0044 1A63     		str	r2, [r3, #48]
ARM GAS  C:\Users\admin\AppData\Local\Temp\ccOBam9H.s 			page 6


  97:Src/stm32f4xx_hal_msp.c ****     /**USART1 GPIO Configuration    
 163              		.loc 1 97 5 view .LVU31
 164 0046 1B6B     		ldr	r3, [r3, #48]
 165 0048 03F00103 		and	r3, r3, #1
 166 004c 0293     		str	r3, [sp, #8]
  97:Src/stm32f4xx_hal_msp.c ****     /**USART1 GPIO Configuration    
 167              		.loc 1 97 5 view .LVU32
 168 004e 029B     		ldr	r3, [sp, #8]
 169              	.LBE5:
  97:Src/stm32f4xx_hal_msp.c ****     /**USART1 GPIO Configuration    
 170              		.loc 1 97 5 view .LVU33
 102:Src/stm32f4xx_hal_msp.c ****     GPIO_InitStruct.Mode = GPIO_MODE_AF_PP;
 171              		.loc 1 102 5 view .LVU34
 102:Src/stm32f4xx_hal_msp.c ****     GPIO_InitStruct.Mode = GPIO_MODE_AF_PP;
 172              		.loc 1 102 25 is_stmt 0 view .LVU35
 173 0050 4FF4C063 		mov	r3, #1536
 174 0054 0393     		str	r3, [sp, #12]
 103:Src/stm32f4xx_hal_msp.c ****     GPIO_InitStruct.Pull = GPIO_NOPULL;
 175              		.loc 1 103 5 is_stmt 1 view .LVU36
 103:Src/stm32f4xx_hal_msp.c ****     GPIO_InitStruct.Pull = GPIO_NOPULL;
 176              		.loc 1 103 26 is_stmt 0 view .LVU37
 177 0056 0223     		movs	r3, #2
 178 0058 0493     		str	r3, [sp, #16]
 104:Src/stm32f4xx_hal_msp.c ****     GPIO_InitStruct.Speed = GPIO_SPEED_FREQ_VERY_HIGH;
 179              		.loc 1 104 5 is_stmt 1 view .LVU38
 104:Src/stm32f4xx_hal_msp.c ****     GPIO_InitStruct.Speed = GPIO_SPEED_FREQ_VERY_HIGH;
 180              		.loc 1 104 26 is_stmt 0 view .LVU39
 181 005a 0594     		str	r4, [sp, #20]
 105:Src/stm32f4xx_hal_msp.c ****     GPIO_InitStruct.Alternate = GPIO_AF7_USART1;
 182              		.loc 1 105 5 is_stmt 1 view .LVU40
 105:Src/stm32f4xx_hal_msp.c ****     GPIO_InitStruct.Alternate = GPIO_AF7_USART1;
 183              		.loc 1 105 27 is_stmt 0 view .LVU41
 184 005c 0323     		movs	r3, #3
 185 005e 0693     		str	r3, [sp, #24]
 106:Src/stm32f4xx_hal_msp.c ****     HAL_GPIO_Init(GPIOA, &GPIO_InitStruct);
 186              		.loc 1 106 5 is_stmt 1 view .LVU42
 106:Src/stm32f4xx_hal_msp.c ****     HAL_GPIO_Init(GPIOA, &GPIO_InitStruct);
 187              		.loc 1 106 31 is_stmt 0 view .LVU43
 188 0060 0723     		movs	r3, #7
 189 0062 0793     		str	r3, [sp, #28]
 107:Src/stm32f4xx_hal_msp.c **** 
 190              		.loc 1 107 5 is_stmt 1 view .LVU44
 191 0064 03A9     		add	r1, sp, #12
 192 0066 0648     		ldr	r0, .L9
 193              	.LVL3:
 107:Src/stm32f4xx_hal_msp.c **** 
 194              		.loc 1 107 5 is_stmt 0 view .LVU45
 195 0068 FFF7FEFF 		bl	HAL_GPIO_Init
 196              	.LVL4:
 110:Src/stm32f4xx_hal_msp.c ****     HAL_NVIC_EnableIRQ(USART1_IRQn);
 197              		.loc 1 110 5 is_stmt 1 view .LVU46
 198 006c 2246     		mov	r2, r4
 199 006e 2146     		mov	r1, r4
 200 0070 2520     		movs	r0, #37
 201 0072 FFF7FEFF 		bl	HAL_NVIC_SetPriority
 202              	.LVL5:
 111:Src/stm32f4xx_hal_msp.c ****   /* USER CODE BEGIN USART1_MspInit 1 */
ARM GAS  C:\Users\admin\AppData\Local\Temp\ccOBam9H.s 			page 7


 203              		.loc 1 111 5 view .LVU47
 204 0076 2520     		movs	r0, #37
 205 0078 FFF7FEFF 		bl	HAL_NVIC_EnableIRQ
 206              	.LVL6:
 207              		.loc 1 117 1 is_stmt 0 view .LVU48
 208 007c CFE7     		b	.L5
 209              	.L10:
 210 007e 00BF     		.align	2
 211              	.L9:
 212 0080 00000240 		.word	1073872896
 213              		.cfi_endproc
 214              	.LFE131:
 216              		.section	.text.HAL_UART_MspDeInit,"ax",%progbits
 217              		.align	1
 218              		.global	HAL_UART_MspDeInit
 219              		.syntax unified
 220              		.thumb
 221              		.thumb_func
 222              		.fpu fpv4-sp-d16
 224              	HAL_UART_MspDeInit:
 225              	.LVL7:
 226              	.LFB132:
 118:Src/stm32f4xx_hal_msp.c **** 
 119:Src/stm32f4xx_hal_msp.c **** /**
 120:Src/stm32f4xx_hal_msp.c **** * @brief UART MSP De-Initialization
 121:Src/stm32f4xx_hal_msp.c **** * This function freeze the hardware resources used in this example
 122:Src/stm32f4xx_hal_msp.c **** * @param huart: UART handle pointer
 123:Src/stm32f4xx_hal_msp.c **** * @retval None
 124:Src/stm32f4xx_hal_msp.c **** */
 125:Src/stm32f4xx_hal_msp.c **** void HAL_UART_MspDeInit(UART_HandleTypeDef* huart)
 126:Src/stm32f4xx_hal_msp.c **** {
 227              		.loc 1 126 1 is_stmt 1 view -0
 228              		.cfi_startproc
 229              		@ args = 0, pretend = 0, frame = 0
 230              		@ frame_needed = 0, uses_anonymous_args = 0
 231              		.loc 1 126 1 is_stmt 0 view .LVU50
 232 0000 08B5     		push	{r3, lr}
 233              	.LCFI6:
 234              		.cfi_def_cfa_offset 8
 235              		.cfi_offset 3, -8
 236              		.cfi_offset 14, -4
 127:Src/stm32f4xx_hal_msp.c ****   if(huart->Instance==USART1)
 237              		.loc 1 127 3 is_stmt 1 view .LVU51
 238              		.loc 1 127 11 is_stmt 0 view .LVU52
 239 0002 0268     		ldr	r2, [r0]
 240              		.loc 1 127 5 view .LVU53
 241 0004 084B     		ldr	r3, .L15
 242 0006 9A42     		cmp	r2, r3
 243 0008 00D0     		beq	.L14
 244              	.LVL8:
 245              	.L11:
 128:Src/stm32f4xx_hal_msp.c ****   {
 129:Src/stm32f4xx_hal_msp.c ****   /* USER CODE BEGIN USART1_MspDeInit 0 */
 130:Src/stm32f4xx_hal_msp.c **** 
 131:Src/stm32f4xx_hal_msp.c ****   /* USER CODE END USART1_MspDeInit 0 */
 132:Src/stm32f4xx_hal_msp.c ****     /* Peripheral clock disable */
 133:Src/stm32f4xx_hal_msp.c ****     __HAL_RCC_USART1_CLK_DISABLE();
ARM GAS  C:\Users\admin\AppData\Local\Temp\ccOBam9H.s 			page 8


 134:Src/stm32f4xx_hal_msp.c ****   
 135:Src/stm32f4xx_hal_msp.c ****     /**USART1 GPIO Configuration    
 136:Src/stm32f4xx_hal_msp.c ****     PA9     ------> USART1_TX
 137:Src/stm32f4xx_hal_msp.c ****     PA10     ------> USART1_RX 
 138:Src/stm32f4xx_hal_msp.c ****     */
 139:Src/stm32f4xx_hal_msp.c ****     HAL_GPIO_DeInit(GPIOA, GPIO_PIN_9|GPIO_PIN_10);
 140:Src/stm32f4xx_hal_msp.c **** 
 141:Src/stm32f4xx_hal_msp.c ****     /* USART1 interrupt DeInit */
 142:Src/stm32f4xx_hal_msp.c ****     HAL_NVIC_DisableIRQ(USART1_IRQn);
 143:Src/stm32f4xx_hal_msp.c ****   /* USER CODE BEGIN USART1_MspDeInit 1 */
 144:Src/stm32f4xx_hal_msp.c **** 
 145:Src/stm32f4xx_hal_msp.c ****   /* USER CODE END USART1_MspDeInit 1 */
 146:Src/stm32f4xx_hal_msp.c ****   }
 147:Src/stm32f4xx_hal_msp.c **** 
 148:Src/stm32f4xx_hal_msp.c **** }
 246              		.loc 1 148 1 view .LVU54
 247 000a 08BD     		pop	{r3, pc}
 248              	.LVL9:
 249              	.L14:
 133:Src/stm32f4xx_hal_msp.c ****   
 250              		.loc 1 133 5 is_stmt 1 view .LVU55
 251 000c 074A     		ldr	r2, .L15+4
 252 000e 536C     		ldr	r3, [r2, #68]
 253 0010 23F01003 		bic	r3, r3, #16
 254 0014 5364     		str	r3, [r2, #68]
 139:Src/stm32f4xx_hal_msp.c **** 
 255              		.loc 1 139 5 view .LVU56
 256 0016 4FF4C061 		mov	r1, #1536
 257 001a 0548     		ldr	r0, .L15+8
 258              	.LVL10:
 139:Src/stm32f4xx_hal_msp.c **** 
 259              		.loc 1 139 5 is_stmt 0 view .LVU57
 260 001c FFF7FEFF 		bl	HAL_GPIO_DeInit
 261              	.LVL11:
 142:Src/stm32f4xx_hal_msp.c ****   /* USER CODE BEGIN USART1_MspDeInit 1 */
 262              		.loc 1 142 5 is_stmt 1 view .LVU58
 263 0020 2520     		movs	r0, #37
 264 0022 FFF7FEFF 		bl	HAL_NVIC_DisableIRQ
 265              	.LVL12:
 266              		.loc 1 148 1 is_stmt 0 view .LVU59
 267 0026 F0E7     		b	.L11
 268              	.L16:
 269              		.align	2
 270              	.L15:
 271 0028 00100140 		.word	1073811456
 272 002c 00380240 		.word	1073887232
 273 0030 00000240 		.word	1073872896
 274              		.cfi_endproc
 275              	.LFE132:
 277              		.text
 278              	.Letext0:
 279              		.file 2 "d:\\tools\\gcc\\9 2020-q2-update\\arm-none-eabi\\include\\machine\\_default_types.h"
 280              		.file 3 "d:\\tools\\gcc\\9 2020-q2-update\\arm-none-eabi\\include\\sys\\_stdint.h"
 281              		.file 4 "Drivers/CMSIS/Include/core_cm4.h"
 282              		.file 5 "Drivers/CMSIS/Device/ST/STM32F4xx/Include/system_stm32f4xx.h"
 283              		.file 6 "Drivers/CMSIS/Device/ST/STM32F4xx/Include/stm32f429xx.h"
 284              		.file 7 "Drivers/STM32F4xx_HAL_Driver/Inc/stm32f4xx_hal_def.h"
ARM GAS  C:\Users\admin\AppData\Local\Temp\ccOBam9H.s 			page 9


 285              		.file 8 "Drivers/STM32F4xx_HAL_Driver/Inc/stm32f4xx_hal_gpio.h"
 286              		.file 9 "Drivers/STM32F4xx_HAL_Driver/Inc/stm32f4xx_hal_dma.h"
 287              		.file 10 "Drivers/STM32F4xx_HAL_Driver/Inc/stm32f4xx_hal_uart.h"
 288              		.file 11 "Drivers/STM32F4xx_HAL_Driver/Inc/stm32f4xx_hal.h"
 289              		.file 12 "Drivers/STM32F4xx_HAL_Driver/Inc/stm32f4xx_hal_cortex.h"
ARM GAS  C:\Users\admin\AppData\Local\Temp\ccOBam9H.s 			page 10


DEFINED SYMBOLS
                            *ABS*:00000000 stm32f4xx_hal_msp.c
C:\Users\admin\AppData\Local\Temp\ccOBam9H.s:18     .text.HAL_MspInit:00000000 $t
C:\Users\admin\AppData\Local\Temp\ccOBam9H.s:26     .text.HAL_MspInit:00000000 HAL_MspInit
C:\Users\admin\AppData\Local\Temp\ccOBam9H.s:80     .text.HAL_MspInit:00000034 $d
C:\Users\admin\AppData\Local\Temp\ccOBam9H.s:85     .text.HAL_UART_MspInit:00000000 $t
C:\Users\admin\AppData\Local\Temp\ccOBam9H.s:92     .text.HAL_UART_MspInit:00000000 HAL_UART_MspInit
C:\Users\admin\AppData\Local\Temp\ccOBam9H.s:212    .text.HAL_UART_MspInit:00000080 $d
C:\Users\admin\AppData\Local\Temp\ccOBam9H.s:217    .text.HAL_UART_MspDeInit:00000000 $t
C:\Users\admin\AppData\Local\Temp\ccOBam9H.s:224    .text.HAL_UART_MspDeInit:00000000 HAL_UART_MspDeInit
C:\Users\admin\AppData\Local\Temp\ccOBam9H.s:271    .text.HAL_UART_MspDeInit:00000028 $d

UNDEFINED SYMBOLS
HAL_GPIO_Init
HAL_NVIC_SetPriority
HAL_NVIC_EnableIRQ
HAL_GPIO_DeInit
HAL_NVIC_DisableIRQ
